<?xml version="1.0" encoding="UTF-8"?>
<!-- Generated by org.testng.reporters.JUnitXMLReporter -->
<testsuite ignored="0" hostname="DESKTOP-E83PQSV" failures="1" tests="1" name="Test" time="4.983" errors="0" timestamp="2024-11-28T17:16:17 IST">
  <testcase classname="testCases.TC002_LoginTest" name="verify_login" time="1.187">
    <failure type="java.lang.AssertionError" message="null">
      <![CDATA[java.lang.AssertionError: null
at testCases.TC002_LoginTest.verify_login(TC002_LoginTest.java:42)
at java.base/java.util.ArrayList.forEach(ArrayList.java:1596)
... Removed 27 stack frames]]>
    </failure>
  </testcase> <!-- verify_login -->
</testsuite> <!-- Test -->
